Using pre-set license
Built from '2020.3/staging' branch; Version is '2020.3.14f1 (d0d1bb862f9d) revision 13685179'; Using compiler version '192528614'; Build Type 'Release'
OS: 'Windows 10 Pro; OS build 19042.1165; Version 2009; 64bit' Language: 'ru' Physical Memory: 32720 MB
BatchMode: 1, IsHumanControllingUs: 0, StartBugReporterOnCrash: 0, Is64bit: 1, IsPro: 0

 COMMAND LINE ARGUMENTS:
C:\Program Files\Unity\Hub\Editor\2020.3.14f1\Editor\Unity.exe
-adb2
-batchMode
-noUpm
-name
AssetImportWorker0
-projectPath
C:/Users/Shturmovik/source/repos/HW_SpaceShip
-logFile
Logs/AssetImportWorker0.log
-srvPort
49834
Successfully changed project path to: C:/Users/Shturmovik/source/repos/HW_SpaceShip
C:/Users/Shturmovik/source/repos/HW_SpaceShip
Using Asset Import Pipeline V2.
Refreshing native plugins compatible for Editor in 84.76 ms, found 3 plugins.
Preloading 0 native plugins for Editor in 0.00 ms.
Initialize engine version: 2020.3.14f1 (d0d1bb862f9d)
[Subsystems] Discovering subsystems at path C:/Program Files/Unity/Hub/Editor/2020.3.14f1/Editor/Data/Resources/UnitySubsystems
[Subsystems] Discovering subsystems at path C:/Users/Shturmovik/source/repos/HW_SpaceShip/Assets
GfxDevice: creating device client; threaded=0
Direct3D:
    Version:  Direct3D 11.0 [level 11.1]
    Renderer: NVIDIA GeForce GTX 980 (ID=0x13c0)
    Vendor:   
    VRAM:     4053 MB
    Driver:   27.21.14.5671
Initialize mono
Mono path[0] = 'C:/Program Files/Unity/Hub/Editor/2020.3.14f1/Editor/Data/Managed'
Mono path[1] = 'C:/Program Files/Unity/Hub/Editor/2020.3.14f1/Editor/Data/MonoBleedingEdge/lib/mono/unityjit'
Mono config path = 'C:/Program Files/Unity/Hub/Editor/2020.3.14f1/Editor/Data/MonoBleedingEdge/etc'
Using monoOptions --debugger-agent=transport=dt_socket,embedding=1,server=y,suspend=n,address=127.0.0.1:56108
Begin MonoManager ReloadAssembly
Registering precompiled unity dll's ...
Register platform support module: C:/Program Files/Unity/Hub/Editor/2020.3.14f1/Editor/Data/PlaybackEngines/WindowsStandaloneSupport/UnityEditor.WindowsStandalone.Extensions.dll
Registered in 0.002339 seconds.
Native extension for WindowsStandalone target not found
Refreshing native plugins compatible for Editor in 38.51 ms, found 3 plugins.
Preloading 0 native plugins for Editor in 0.00 ms.
Mono: successfully reloaded assembly
- Completed reload, in  1.326 seconds
Domain Reload Profiling:
	ReloadAssembly (1326ms)
		BeginReloadAssembly (71ms)
			ExecutionOrderSort (0ms)
			DisableScriptedObjects (0ms)
			BackupInstance (0ms)
			ReleaseScriptingObjects (0ms)
			CreateAndSetChildDomain (1ms)
		EndReloadAssembly (455ms)
			LoadAssemblies (68ms)
			RebuildTransferFunctionScriptingTraits (0ms)
			SetupTypeCache (173ms)
			ReleaseScriptCaches (0ms)
			RebuildScriptCaches (32ms)
			SetupLoadedEditorAssemblies (170ms)
				LogAssemblyErrors (0ms)
				InitializePlatformSupportModulesInManaged (4ms)
				SetLoadedEditorAssemblies (0ms)
				RefreshPlugins (39ms)
				BeforeProcessingInitializeOnLoad (15ms)
				ProcessInitializeOnLoadAttributes (82ms)
				ProcessInitializeOnLoadMethodAttributes (30ms)
				AfterProcessingInitializeOnLoad (0ms)
				EditorAssembliesLoaded (0ms)
			ExecutionOrderSort2 (0ms)
			AwakeInstancesAfterBackupRestoration (0ms)
Platform modules already initialized, skipping
Registering precompiled user dll's ...
Registered in 0.004983 seconds.
Begin MonoManager ReloadAssembly
Native extension for WindowsStandalone target not found
Refreshing native plugins compatible for Editor in 39.42 ms, found 3 plugins.
Preloading 0 native plugins for Editor in 0.00 ms.
Mono: successfully reloaded assembly
- Completed reload, in  1.274 seconds
Domain Reload Profiling:
	ReloadAssembly (1275ms)
		BeginReloadAssembly (165ms)
			ExecutionOrderSort (0ms)
			DisableScriptedObjects (5ms)
			BackupInstance (0ms)
			ReleaseScriptingObjects (0ms)
			CreateAndSetChildDomain (22ms)
		EndReloadAssembly (1040ms)
			LoadAssemblies (105ms)
			RebuildTransferFunctionScriptingTraits (0ms)
			SetupTypeCache (322ms)
			ReleaseScriptCaches (0ms)
			RebuildScriptCaches (48ms)
			SetupLoadedEditorAssemblies (403ms)
				LogAssemblyErrors (0ms)
				InitializePlatformSupportModulesInManaged (5ms)
				SetLoadedEditorAssemblies (0ms)
				RefreshPlugins (40ms)
				BeforeProcessingInitializeOnLoad (103ms)
				ProcessInitializeOnLoadAttributes (232ms)
				ProcessInitializeOnLoadMethodAttributes (15ms)
				AfterProcessingInitializeOnLoad (8ms)
				EditorAssembliesLoaded (0ms)
			ExecutionOrderSort2 (0ms)
			AwakeInstancesAfterBackupRestoration (8ms)
Platform modules already initialized, skipping
========================================================================
Worker process is ready to serve import requests
Launched and connected shader compiler UnityShaderCompiler.exe after 0.06 seconds
Refreshing native plugins compatible for Editor in 0.42 ms, found 3 plugins.
Preloading 0 native plugins for Editor in 0.00 ms.
Unloading 2085 Unused Serialized files (Serialized files now loaded: 0)
System memory in use before: 92.9 MB.
System memory in use after: 92.9 MB.

Unloading 33 unused Assets to reduce memory usage. Loaded Objects now: 2518.
Total: 2.890700 ms (FindLiveObjects: 0.209600 ms CreateObjectMapping: 0.069400 ms MarkObjects: 2.431100 ms  DeleteObjects: 0.179300 ms)

AssetImportParameters requested are different than current active one (requested -> active):
  custom:framework-win-MediaFoundation: 216162199b28c13a410421893ffa2e32 -> 
  custom:video-decoder-ogg-theora: a1e56fd34408186e4bbccfd4996cb3dc -> 
  custom:container-muxer-webm: aa71ff27fc2769a1b78a27578f13a17b -> 
  custom:container-demuxer-webm: 4f35f7cbe854078d1ac9338744f61a02 -> 
  custom:container-demuxer-ogg: 62fdf1f143b41e24485cea50d1cbac27 -> 
  custom:video-encoder-webm-vp8: eb34c28f22e8b96e1ab97ce403110664 -> 
  custom:video-decoder-webm-vp8: 9c59270c3fd7afecdb556c50c9e8de78 -> 
  custom:audio-decoder-ogg-vorbis: bf7c407c2cedff20999df2af8eb42d56 -> 
  custom:audio-encoder-webm-vorbis: bf7c407c2cedff20999df2af8eb42d56 -> 
========================================================================
Received Import Request.
  path: Assets/Scripts
  artifactKey: Guid(3e17945837f07de47a2d7b275a627c15) Importer(815301076,1909f56bfc062723c751e8b465ee728b)
Start importing Assets/Scripts using Guid(3e17945837f07de47a2d7b275a627c15) Importer(815301076,1909f56bfc062723c751e8b465ee728b)  -> (artifact id: '567a603e3a1e07e57453520af5814055') in 0.004203 seconds 
  Import took 0.007594 seconds .

========================================================================
Received Prepare
Registering precompiled user dll's ...
Registered in 0.004730 seconds.
Begin MonoManager ReloadAssembly
Native extension for WindowsStandalone target not found
Refreshing native plugins compatible for Editor in 0.48 ms, found 3 plugins.
Preloading 0 native plugins for Editor in 0.00 ms.
Mono: successfully reloaded assembly
- Completed reload, in  1.208 seconds
Domain Reload Profiling:
	ReloadAssembly (1208ms)
		BeginReloadAssembly (136ms)
			ExecutionOrderSort (0ms)
			DisableScriptedObjects (6ms)
			BackupInstance (0ms)
			ReleaseScriptingObjects (0ms)
			CreateAndSetChildDomain (37ms)
		EndReloadAssembly (1002ms)
			LoadAssemblies (107ms)
			RebuildTransferFunctionScriptingTraits (0ms)
			SetupTypeCache (335ms)
			ReleaseScriptCaches (1ms)
			RebuildScriptCaches (58ms)
			SetupLoadedEditorAssemblies (359ms)
				LogAssemblyErrors (0ms)
				InitializePlatformSupportModulesInManaged (7ms)
				SetLoadedEditorAssemblies (1ms)
				RefreshPlugins (1ms)
				BeforeProcessingInitializeOnLoad (104ms)
				ProcessInitializeOnLoadAttributes (233ms)
				ProcessInitializeOnLoadMethodAttributes (6ms)
				AfterProcessingInitializeOnLoad (7ms)
				EditorAssembliesLoaded (0ms)
			ExecutionOrderSort2 (0ms)
			AwakeInstancesAfterBackupRestoration (11ms)
Platform modules already initialized, skipping
Refreshing native plugins compatible for Editor in 0.74 ms, found 3 plugins.
Preloading 0 native plugins for Editor in 0.00 ms.
Unloading 2080 Unused Serialized files (Serialized files now loaded: 0)
System memory in use before: 92.9 MB.
System memory in use after: 92.9 MB.

Unloading 21 unused Assets to reduce memory usage. Loaded Objects now: 2522.
Total: 2.394000 ms (FindLiveObjects: 0.189900 ms CreateObjectMapping: 0.078500 ms MarkObjects: 2.001400 ms  DeleteObjects: 0.122800 ms)

AssetImportParameters requested are different than current active one (requested -> active):
  custom:framework-win-MediaFoundation: 216162199b28c13a410421893ffa2e32 -> 
  custom:video-decoder-ogg-theora: a1e56fd34408186e4bbccfd4996cb3dc -> 
  custom:container-muxer-webm: aa71ff27fc2769a1b78a27578f13a17b -> 
  custom:container-demuxer-webm: 4f35f7cbe854078d1ac9338744f61a02 -> 
  custom:container-demuxer-ogg: 62fdf1f143b41e24485cea50d1cbac27 -> 
  custom:video-encoder-webm-vp8: eb34c28f22e8b96e1ab97ce403110664 -> 
  custom:video-decoder-webm-vp8: 9c59270c3fd7afecdb556c50c9e8de78 -> 
  custom:audio-decoder-ogg-vorbis: bf7c407c2cedff20999df2af8eb42d56 -> 
  custom:audio-encoder-webm-vorbis: bf7c407c2cedff20999df2af8eb42d56 -> 
========================================================================
Received Import Request.
  Time since last request: 13.245765 seconds.
  path: Assets/Scripts/Player.cs
  artifactKey: Guid(db72a60e11488ba478ccddba0f10e3c5) Importer(815301076,1909f56bfc062723c751e8b465ee728b)
Start importing Assets/Scripts/Player.cs using Guid(db72a60e11488ba478ccddba0f10e3c5) Importer(815301076,1909f56bfc062723c751e8b465ee728b)  -> (artifact id: 'ea242b0a96c8a20ac7a2eea46363e840') in 0.063688 seconds 
  Import took 0.067268 seconds .

========================================================================
Received Import Request.
  Time since last request: 478.091073 seconds.
  path: Assets/Scripts/Ship.cs
  artifactKey: Guid(429b265dea70fe64095f8145ea4dc484) Importer(815301076,1909f56bfc062723c751e8b465ee728b)
Start importing Assets/Scripts/Ship.cs using Guid(429b265dea70fe64095f8145ea4dc484) Importer(815301076,1909f56bfc062723c751e8b465ee728b)  -> (artifact id: 'c3252a43ccf88a8c5b959b528d6b4ed7') in 0.002686 seconds 
  Import took 0.007724 seconds .

========================================================================
Received Prepare
Registering precompiled user dll's ...
Registered in 0.005694 seconds.
Begin MonoManager ReloadAssembly
Native extension for WindowsStandalone target not found
Refreshing native plugins compatible for Editor in 0.81 ms, found 3 plugins.
Preloading 0 native plugins for Editor in 0.00 ms.
Mono: successfully reloaded assembly
- Completed reload, in  1.320 seconds
Domain Reload Profiling:
	ReloadAssembly (1320ms)
		BeginReloadAssembly (163ms)
			ExecutionOrderSort (0ms)
			DisableScriptedObjects (10ms)
			BackupInstance (0ms)
			ReleaseScriptingObjects (0ms)
			CreateAndSetChildDomain (55ms)
		EndReloadAssembly (1077ms)
			LoadAssemblies (105ms)
			RebuildTransferFunctionScriptingTraits (0ms)
			SetupTypeCache (452ms)
			ReleaseScriptCaches (1ms)
			RebuildScriptCaches (50ms)
			SetupLoadedEditorAssemblies (337ms)
				LogAssemblyErrors (0ms)
				InitializePlatformSupportModulesInManaged (6ms)
				SetLoadedEditorAssemblies (1ms)
				RefreshPlugins (1ms)
				BeforeProcessingInitializeOnLoad (98ms)
				ProcessInitializeOnLoadAttributes (215ms)
				ProcessInitializeOnLoadMethodAttributes (8ms)
				AfterProcessingInitializeOnLoad (8ms)
				EditorAssembliesLoaded (0ms)
			ExecutionOrderSort2 (0ms)
			AwakeInstancesAfterBackupRestoration (19ms)
Platform modules already initialized, skipping
Refreshing native plugins compatible for Editor in 0.83 ms, found 3 plugins.
Preloading 0 native plugins for Editor in 0.00 ms.
Unloading 2081 Unused Serialized files (Serialized files now loaded: 0)
System memory in use before: 93.0 MB.
System memory in use after: 92.9 MB.

Unloading 21 unused Assets to reduce memory usage. Loaded Objects now: 2527.
Total: 2.609700 ms (FindLiveObjects: 0.313600 ms CreateObjectMapping: 0.142400 ms MarkObjects: 2.027400 ms  DeleteObjects: 0.125000 ms)

AssetImportParameters requested are different than current active one (requested -> active):
  custom:framework-win-MediaFoundation: 216162199b28c13a410421893ffa2e32 -> 
  custom:video-decoder-ogg-theora: a1e56fd34408186e4bbccfd4996cb3dc -> 
  custom:container-muxer-webm: aa71ff27fc2769a1b78a27578f13a17b -> 
  custom:container-demuxer-webm: 4f35f7cbe854078d1ac9338744f61a02 -> 
  custom:container-demuxer-ogg: 62fdf1f143b41e24485cea50d1cbac27 -> 
  custom:video-encoder-webm-vp8: eb34c28f22e8b96e1ab97ce403110664 -> 
  custom:video-decoder-webm-vp8: 9c59270c3fd7afecdb556c50c9e8de78 -> 
  custom:audio-decoder-ogg-vorbis: bf7c407c2cedff20999df2af8eb42d56 -> 
  custom:audio-encoder-webm-vorbis: bf7c407c2cedff20999df2af8eb42d56 -> 
========================================================================
Received Import Request.
  Time since last request: 62.483671 seconds.
  path: Assets/Scripts/Player.cs
  artifactKey: Guid(db72a60e11488ba478ccddba0f10e3c5) Importer(815301076,1909f56bfc062723c751e8b465ee728b)
Start importing Assets/Scripts/Player.cs using Guid(db72a60e11488ba478ccddba0f10e3c5) Importer(815301076,1909f56bfc062723c751e8b465ee728b)  -> (artifact id: '415ceb1a5178c79d121a74a641adee4a') in 0.004670 seconds 
  Import took 0.008077 seconds .

========================================================================
Received Import Request.
  Time since last request: 0.028700 seconds.
  path: Assets/Scripts/Player.cs
  artifactKey: Guid(db72a60e11488ba478ccddba0f10e3c5) Importer(815301076,1909f56bfc062723c751e8b465ee728b)
Start importing Assets/Scripts/Player.cs using Guid(db72a60e11488ba478ccddba0f10e3c5) Importer(815301076,1909f56bfc062723c751e8b465ee728b)  -> (artifact id: '415ceb1a5178c79d121a74a641adee4a') in 0.002757 seconds 
  Import took 0.006258 seconds .

========================================================================
Received Import Request.
  Time since last request: 75.385304 seconds.
  path: Assets/Scripts/IRotation.cs
  artifactKey: Guid(6287577cbb8838f44a75b2da86718114) Importer(815301076,1909f56bfc062723c751e8b465ee728b)
Start importing Assets/Scripts/IRotation.cs using Guid(6287577cbb8838f44a75b2da86718114) Importer(815301076,1909f56bfc062723c751e8b465ee728b)  -> (artifact id: '404af01bcf0fc93543824b94c98098a1') in 0.004700 seconds 
  Import took 0.009539 seconds .

========================================================================
Received Import Request.
  Time since last request: 82.420728 seconds.
  path: Assets/Scripts/IRotation1.cs
  artifactKey: Guid(92cbb280c17c0574b8231a98af9b5a3e) Importer(815301076,1909f56bfc062723c751e8b465ee728b)
Start importing Assets/Scripts/IRotation1.cs using Guid(92cbb280c17c0574b8231a98af9b5a3e) Importer(815301076,1909f56bfc062723c751e8b465ee728b)  -> (artifact id: '27e369dc943bec5fab83126b86e5fe96') in 0.002277 seconds 
  Import took 0.006408 seconds .

========================================================================
Received Import Request.
  Time since last request: 25.405422 seconds.
  path: Assets/Scripts/Ship.cs
  artifactKey: Guid(429b265dea70fe64095f8145ea4dc484) Importer(815301076,1909f56bfc062723c751e8b465ee728b)
Start importing Assets/Scripts/Ship.cs using Guid(429b265dea70fe64095f8145ea4dc484) Importer(815301076,1909f56bfc062723c751e8b465ee728b)  -> (artifact id: '04b1c87968d2f44ab77e0cf69a4fb48d') in 0.002174 seconds 
  Import took 0.005450 seconds .

========================================================================
Received Import Request.
  Time since last request: 0.000870 seconds.
  path: Assets/Scripts/Ship.cs
  artifactKey: Guid(429b265dea70fe64095f8145ea4dc484) Importer(815301076,1909f56bfc062723c751e8b465ee728b)
Start importing Assets/Scripts/Ship.cs using Guid(429b265dea70fe64095f8145ea4dc484) Importer(815301076,1909f56bfc062723c751e8b465ee728b)  -> (artifact id: '04b1c87968d2f44ab77e0cf69a4fb48d') in 0.002227 seconds 
  Import took 0.005491 seconds .

========================================================================
Received Import Request.
  Time since last request: 95.169762 seconds.
  path: Assets/Scripts/IRotation.cs
  artifactKey: Guid(6287577cbb8838f44a75b2da86718114) Importer(815301076,1909f56bfc062723c751e8b465ee728b)
Start importing Assets/Scripts/IRotation.cs using Guid(6287577cbb8838f44a75b2da86718114) Importer(815301076,1909f56bfc062723c751e8b465ee728b)  -> (artifact id: 'b8da3f8ad036138571036cfbfc758b28') in 0.002540 seconds 
  Import took 0.006424 seconds .

========================================================================
Received Import Request.
  Time since last request: 0.001096 seconds.
  path: Assets/Scripts/IRotation.cs
  artifactKey: Guid(6287577cbb8838f44a75b2da86718114) Importer(815301076,1909f56bfc062723c751e8b465ee728b)
Start importing Assets/Scripts/IRotation.cs using Guid(6287577cbb8838f44a75b2da86718114) Importer(815301076,1909f56bfc062723c751e8b465ee728b)  -> (artifact id: 'b8da3f8ad036138571036cfbfc758b28') in 0.002083 seconds 
  Import took 0.005368 seconds .

========================================================================
Received Import Request.
  Time since last request: 147.124243 seconds.
  path: Assets/Scripts/RotationShip.cs
  artifactKey: Guid(df3dfa1d0d594e14cbac0273388b647d) Importer(815301076,1909f56bfc062723c751e8b465ee728b)
Start importing Assets/Scripts/RotationShip.cs using Guid(df3dfa1d0d594e14cbac0273388b647d) Importer(815301076,1909f56bfc062723c751e8b465ee728b)  -> (artifact id: 'c83a57050988060b33d58ce8cb520bfc') in 0.002660 seconds 
  Import took 0.006571 seconds .

========================================================================
Received Import Request.
  Time since last request: 18.371379 seconds.
  path: Assets/Scripts/RotationShip.cs
  artifactKey: Guid(df3dfa1d0d594e14cbac0273388b647d) Importer(815301076,1909f56bfc062723c751e8b465ee728b)
Start importing Assets/Scripts/RotationShip.cs using Guid(df3dfa1d0d594e14cbac0273388b647d) Importer(815301076,1909f56bfc062723c751e8b465ee728b)  -> (artifact id: '8517b62f86e9cb2a8b9fba5105eba262') in 0.002586 seconds 
  Import took 0.006873 seconds .

========================================================================
Received Import Request.
  Time since last request: 60.391723 seconds.
  path: Assets/Scripts/AccelerationMove.cs
  artifactKey: Guid(21d188c4a3eb2e74689873ce7ab59d92) Importer(815301076,1909f56bfc062723c751e8b465ee728b)
Start importing Assets/Scripts/AccelerationMove.cs using Guid(21d188c4a3eb2e74689873ce7ab59d92) Importer(815301076,1909f56bfc062723c751e8b465ee728b)  -> (artifact id: '61992625ad143edb2ce0d9e77f3f398b') in 0.002156 seconds 
  Import took 0.006494 seconds .

========================================================================
Received Import Request.
  Time since last request: 47.949839 seconds.
  path: Assets/Scripts/RotationShip.cs
  artifactKey: Guid(df3dfa1d0d594e14cbac0273388b647d) Importer(815301076,1909f56bfc062723c751e8b465ee728b)
Start importing Assets/Scripts/RotationShip.cs using Guid(df3dfa1d0d594e14cbac0273388b647d) Importer(815301076,1909f56bfc062723c751e8b465ee728b)  -> (artifact id: 'aceb57c3ec8cba40d937c9ad500102a1') in 0.002803 seconds 
  Import took 0.006613 seconds .

========================================================================
Received Import Request.
  Time since last request: 0.004971 seconds.
  path: Assets/Scripts/RotationShip.cs
  artifactKey: Guid(df3dfa1d0d594e14cbac0273388b647d) Importer(815301076,1909f56bfc062723c751e8b465ee728b)
Start importing Assets/Scripts/RotationShip.cs using Guid(df3dfa1d0d594e14cbac0273388b647d) Importer(815301076,1909f56bfc062723c751e8b465ee728b)  -> (artifact id: 'aceb57c3ec8cba40d937c9ad500102a1') in 0.002305 seconds 
  Import took 0.005703 seconds .

========================================================================
Received Import Request.
  Time since last request: 541.712406 seconds.
  path: Assets/Scripts/MoveTransform.cs
  artifactKey: Guid(92e99a69e7ec4604c8546840df3be45c) Importer(815301076,1909f56bfc062723c751e8b465ee728b)
Start importing Assets/Scripts/MoveTransform.cs using Guid(92e99a69e7ec4604c8546840df3be45c) Importer(815301076,1909f56bfc062723c751e8b465ee728b)  -> (artifact id: 'e18b9c3fd2ebf3897871d46ffa18fe46') in 0.003090 seconds 
  Import took 0.007623 seconds .

========================================================================
Received Prepare
Registering precompiled user dll's ...
Registered in 0.005313 seconds.
Begin MonoManager ReloadAssembly
Native extension for WindowsStandalone target not found
Refreshing native plugins compatible for Editor in 0.68 ms, found 3 plugins.
Preloading 0 native plugins for Editor in 0.00 ms.
Mono: successfully reloaded assembly
- Completed reload, in  1.112 seconds
Domain Reload Profiling:
	ReloadAssembly (1113ms)
		BeginReloadAssembly (120ms)
			ExecutionOrderSort (0ms)
			DisableScriptedObjects (7ms)
			BackupInstance (0ms)
			ReleaseScriptingObjects (0ms)
			CreateAndSetChildDomain (38ms)
		EndReloadAssembly (922ms)
			LoadAssemblies (105ms)
			RebuildTransferFunctionScriptingTraits (0ms)
			SetupTypeCache (328ms)
			ReleaseScriptCaches (1ms)
			RebuildScriptCaches (46ms)
			SetupLoadedEditorAssemblies (334ms)
				LogAssemblyErrors (0ms)
				InitializePlatformSupportModulesInManaged (5ms)
				SetLoadedEditorAssemblies (0ms)
				RefreshPlugins (1ms)
				BeforeProcessingInitializeOnLoad (96ms)
				ProcessInitializeOnLoadAttributes (218ms)
				ProcessInitializeOnLoadMethodAttributes (6ms)
				AfterProcessingInitializeOnLoad (8ms)
				EditorAssembliesLoaded (0ms)
			ExecutionOrderSort2 (0ms)
			AwakeInstancesAfterBackupRestoration (10ms)
Platform modules already initialized, skipping
Refreshing native plugins compatible for Editor in 0.43 ms, found 3 plugins.
Preloading 0 native plugins for Editor in 0.00 ms.
Unloading 2086 Unused Serialized files (Serialized files now loaded: 0)
System memory in use before: 93.1 MB.
System memory in use after: 93.1 MB.

Unloading 21 unused Assets to reduce memory usage. Loaded Objects now: 2536.
Total: 2.831600 ms (FindLiveObjects: 0.189800 ms CreateObjectMapping: 0.071700 ms MarkObjects: 2.445000 ms  DeleteObjects: 0.124300 ms)

AssetImportParameters requested are different than current active one (requested -> active):
  custom:framework-win-MediaFoundation: 216162199b28c13a410421893ffa2e32 -> 
  custom:video-decoder-ogg-theora: a1e56fd34408186e4bbccfd4996cb3dc -> 
  custom:container-muxer-webm: aa71ff27fc2769a1b78a27578f13a17b -> 
  custom:container-demuxer-webm: 4f35f7cbe854078d1ac9338744f61a02 -> 
  custom:container-demuxer-ogg: 62fdf1f143b41e24485cea50d1cbac27 -> 
  custom:video-encoder-webm-vp8: eb34c28f22e8b96e1ab97ce403110664 -> 
  custom:video-decoder-webm-vp8: 9c59270c3fd7afecdb556c50c9e8de78 -> 
  custom:audio-decoder-ogg-vorbis: bf7c407c2cedff20999df2af8eb42d56 -> 
  custom:audio-encoder-webm-vorbis: bf7c407c2cedff20999df2af8eb42d56 -> 
========================================================================
Received Import Request.
  Time since last request: 136.370431 seconds.
  path: Assets/Scripts/MoveTransform.cs
  artifactKey: Guid(92e99a69e7ec4604c8546840df3be45c) Importer(815301076,1909f56bfc062723c751e8b465ee728b)
Start importing Assets/Scripts/MoveTransform.cs using Guid(92e99a69e7ec4604c8546840df3be45c) Importer(815301076,1909f56bfc062723c751e8b465ee728b)  -> (artifact id: '682a19d591bf428db9aa2ddc7d84efc3') in 0.004935 seconds 
  Import took 0.008188 seconds .

========================================================================
Received Import Request.
  Time since last request: 0.000364 seconds.
  path: Assets/Scripts/AccelerationMove.cs
  artifactKey: Guid(21d188c4a3eb2e74689873ce7ab59d92) Importer(815301076,1909f56bfc062723c751e8b465ee728b)
Start importing Assets/Scripts/AccelerationMove.cs using Guid(21d188c4a3eb2e74689873ce7ab59d92) Importer(815301076,1909f56bfc062723c751e8b465ee728b)  -> (artifact id: '1fbaaa80eaf1d7bc324c3a6d439cc16e') in 0.002236 seconds 
  Import took 0.005017 seconds .

========================================================================
Received Prepare
Registering precompiled user dll's ...
Registered in 0.006112 seconds.
Begin MonoManager ReloadAssembly
Native extension for WindowsStandalone target not found
Refreshing native plugins compatible for Editor in 0.43 ms, found 3 plugins.
Preloading 0 native plugins for Editor in 0.00 ms.
Mono: successfully reloaded assembly
- Completed reload, in  1.117 seconds
Domain Reload Profiling:
	ReloadAssembly (1118ms)
		BeginReloadAssembly (140ms)
			ExecutionOrderSort (0ms)
			DisableScriptedObjects (7ms)
			BackupInstance (0ms)
			ReleaseScriptingObjects (0ms)
			CreateAndSetChildDomain (40ms)
		EndReloadAssembly (908ms)
			LoadAssemblies (113ms)
			RebuildTransferFunctionScriptingTraits (0ms)
			SetupTypeCache (309ms)
			ReleaseScriptCaches (1ms)
			RebuildScriptCaches (47ms)
			SetupLoadedEditorAssemblies (335ms)
				LogAssemblyErrors (0ms)
				InitializePlatformSupportModulesInManaged (5ms)
				SetLoadedEditorAssemblies (0ms)
				RefreshPlugins (1ms)
				BeforeProcessingInitializeOnLoad (100ms)
				ProcessInitializeOnLoadAttributes (215ms)
				ProcessInitializeOnLoadMethodAttributes (6ms)
				AfterProcessingInitializeOnLoad (8ms)
				EditorAssembliesLoaded (0ms)
			ExecutionOrderSort2 (0ms)
			AwakeInstancesAfterBackupRestoration (11ms)
Platform modules already initialized, skipping
Refreshing native plugins compatible for Editor in 0.51 ms, found 3 plugins.
Preloading 0 native plugins for Editor in 0.00 ms.
Unloading 2086 Unused Serialized files (Serialized files now loaded: 0)
System memory in use before: 93.1 MB.
System memory in use after: 93.1 MB.

Unloading 21 unused Assets to reduce memory usage. Loaded Objects now: 2540.
Total: 3.101500 ms (FindLiveObjects: 0.250600 ms CreateObjectMapping: 0.080300 ms MarkObjects: 2.649400 ms  DeleteObjects: 0.119500 ms)

AssetImportParameters requested are different than current active one (requested -> active):
  custom:framework-win-MediaFoundation: 216162199b28c13a410421893ffa2e32 -> 
  custom:video-decoder-ogg-theora: a1e56fd34408186e4bbccfd4996cb3dc -> 
  custom:container-muxer-webm: aa71ff27fc2769a1b78a27578f13a17b -> 
  custom:container-demuxer-webm: 4f35f7cbe854078d1ac9338744f61a02 -> 
  custom:container-demuxer-ogg: 62fdf1f143b41e24485cea50d1cbac27 -> 
  custom:video-encoder-webm-vp8: eb34c28f22e8b96e1ab97ce403110664 -> 
  custom:video-decoder-webm-vp8: 9c59270c3fd7afecdb556c50c9e8de78 -> 
  custom:audio-decoder-ogg-vorbis: bf7c407c2cedff20999df2af8eb42d56 -> 
  custom:audio-encoder-webm-vorbis: bf7c407c2cedff20999df2af8eb42d56 -> 
========================================================================
Received Import Request.
  Time since last request: 455.366882 seconds.
  path: Assets/Scripts/AccelerationMove.cs
  artifactKey: Guid(21d188c4a3eb2e74689873ce7ab59d92) Importer(815301076,1909f56bfc062723c751e8b465ee728b)
Start importing Assets/Scripts/AccelerationMove.cs using Guid(21d188c4a3eb2e74689873ce7ab59d92) Importer(815301076,1909f56bfc062723c751e8b465ee728b)  -> (artifact id: '33a3843af94d3ac444e491c1f8b32f1d') in 0.004799 seconds 
  Import took 0.008185 seconds .

========================================================================
Received Import Request.
  Time since last request: 2.657686 seconds.
  path: Assets/Scripts/Ship.cs
  artifactKey: Guid(429b265dea70fe64095f8145ea4dc484) Importer(815301076,1909f56bfc062723c751e8b465ee728b)
Start importing Assets/Scripts/Ship.cs using Guid(429b265dea70fe64095f8145ea4dc484) Importer(815301076,1909f56bfc062723c751e8b465ee728b)  -> (artifact id: '849ebcdf844f218ba8bf3d5e5baf3722') in 0.002993 seconds 
  Import took 0.006733 seconds .

========================================================================
Received Import Request.
  Time since last request: 0.025492 seconds.
  path: Assets/Scripts/Ship.cs
  artifactKey: Guid(429b265dea70fe64095f8145ea4dc484) Importer(815301076,1909f56bfc062723c751e8b465ee728b)
Start importing Assets/Scripts/Ship.cs using Guid(429b265dea70fe64095f8145ea4dc484) Importer(815301076,1909f56bfc062723c751e8b465ee728b)  -> (artifact id: '849ebcdf844f218ba8bf3d5e5baf3722') in 0.002028 seconds 
  Import took 0.005692 seconds .

========================================================================
Received Import Request.
  Time since last request: 6.788255 seconds.
  path: Assets/Scripts/Player.cs
  artifactKey: Guid(db72a60e11488ba478ccddba0f10e3c5) Importer(815301076,1909f56bfc062723c751e8b465ee728b)
Start importing Assets/Scripts/Player.cs using Guid(db72a60e11488ba478ccddba0f10e3c5) Importer(815301076,1909f56bfc062723c751e8b465ee728b)  -> (artifact id: '40b4480c9fecb64a63be23b965653c96') in 0.002023 seconds 
  Import took 0.005349 seconds .

========================================================================
Received Import Request.
  Time since last request: 0.003122 seconds.
  path: Assets/Scripts/Player.cs
  artifactKey: Guid(db72a60e11488ba478ccddba0f10e3c5) Importer(815301076,1909f56bfc062723c751e8b465ee728b)
Start importing Assets/Scripts/Player.cs using Guid(db72a60e11488ba478ccddba0f10e3c5) Importer(815301076,1909f56bfc062723c751e8b465ee728b)  -> (artifact id: '40b4480c9fecb64a63be23b965653c96') in 0.002185 seconds 
  Import took 0.006056 seconds .

========================================================================
Received Prepare
Registering precompiled user dll's ...
Registered in 0.004803 seconds.
Begin MonoManager ReloadAssembly
Native extension for WindowsStandalone target not found
Refreshing native plugins compatible for Editor in 0.42 ms, found 3 plugins.
Preloading 0 native plugins for Editor in 0.00 ms.
Mono: successfully reloaded assembly
- Completed reload, in  1.276 seconds
Domain Reload Profiling:
	ReloadAssembly (1276ms)
		BeginReloadAssembly (122ms)
			ExecutionOrderSort (0ms)
			DisableScriptedObjects (7ms)
			BackupInstance (0ms)
			ReleaseScriptingObjects (0ms)
			CreateAndSetChildDomain (34ms)
		EndReloadAssembly (1091ms)
			LoadAssemblies (98ms)
			RebuildTransferFunctionScriptingTraits (0ms)
			SetupTypeCache (360ms)
			ReleaseScriptCaches (1ms)
			RebuildScriptCaches (90ms)
			SetupLoadedEditorAssemblies (353ms)
				LogAssemblyErrors (0ms)
				InitializePlatformSupportModulesInManaged (5ms)
				SetLoadedEditorAssemblies (0ms)
				RefreshPlugins (0ms)
				BeforeProcessingInitializeOnLoad (102ms)
				ProcessInitializeOnLoadAttributes (231ms)
				ProcessInitializeOnLoadMethodAttributes (6ms)
				AfterProcessingInitializeOnLoad (9ms)
				EditorAssembliesLoaded (0ms)
			ExecutionOrderSort2 (0ms)
			AwakeInstancesAfterBackupRestoration (10ms)
Platform modules already initialized, skipping
Refreshing native plugins compatible for Editor in 0.52 ms, found 3 plugins.
Preloading 0 native plugins for Editor in 0.00 ms.
Unloading 2086 Unused Serialized files (Serialized files now loaded: 0)
System memory in use before: 93.1 MB.
System memory in use after: 93.1 MB.

Unloading 21 unused Assets to reduce memory usage. Loaded Objects now: 2544.
Total: 2.821000 ms (FindLiveObjects: 0.209400 ms CreateObjectMapping: 0.070300 ms MarkObjects: 2.414400 ms  DeleteObjects: 0.125900 ms)

AssetImportParameters requested are different than current active one (requested -> active):
  custom:framework-win-MediaFoundation: 216162199b28c13a410421893ffa2e32 -> 
  custom:video-decoder-ogg-theora: a1e56fd34408186e4bbccfd4996cb3dc -> 
  custom:container-muxer-webm: aa71ff27fc2769a1b78a27578f13a17b -> 
  custom:container-demuxer-webm: 4f35f7cbe854078d1ac9338744f61a02 -> 
  custom:container-demuxer-ogg: 62fdf1f143b41e24485cea50d1cbac27 -> 
  custom:video-encoder-webm-vp8: eb34c28f22e8b96e1ab97ce403110664 -> 
  custom:video-decoder-webm-vp8: 9c59270c3fd7afecdb556c50c9e8de78 -> 
  custom:audio-decoder-ogg-vorbis: bf7c407c2cedff20999df2af8eb42d56 -> 
  custom:audio-encoder-webm-vorbis: bf7c407c2cedff20999df2af8eb42d56 -> 
AssetImportWorkerClient::OnTransportError - code=2 error=End of file
